2017-05-04 09:48 => function : userRegister || User Spault Antho just register.
2017-05-04 09:48 => function : userInsertAdress || User 13 enter the adress : Adresse par défaut
2017-05-04 12:22 => function : userRegister || User Niels Niels just register.
2017-05-04 12:22 => function : userInsertAdress || User 14 enter the adress : Adresse par défaut
2017-05-04 12:56 => function : emailEdition || User 14 just updated his email to Niels@Niels.Niels.
2017-05-04 12:58 => function : emailEdition || User 14 just updated his email to Niels@Niels.Niels.
2017-05-04 13:03 => function : emailEdition || User 14 just updated his email to Niels@Niels.Niels.
2017-05-04 13:03 => function : emailEdition || User 14 just updated his email to Niels@Niels.Niels.
2017-05-04 13:13 => function : emailEdition || User 14 just updated his email to Niels@Niels.Niels.
2017-05-04 13:14 => function : emailEdition || User 14 just updated his email to Niels@camera.rembourse.
2017-05-04 13:14 => function : emailEdition || User 14 just updated his email to Niels@Niels.Niels.
2017-05-04 13:15 => function : emailEdition || User 14 just updated his email to Niels@Niels.Niels.
2017-05-04 13:15 => function : emailEdition || User 14 just updated his email to Niels@Niels.Niels.
2017-05-04 13:24 => function : emailEdition || User 14 just updated his email to Niels@Niels.Niels.
2017-05-04 13:29 => function : emailEdition || User 14 just updated his email to Niels@Niels.Niels.
2017-05-04 13:31 => function : emailEdition || User 14 just updated his email to Niels@Niels.Niels.
2017-05-04 14:04 => function : emailEdition || User 14 just updated his email to Niels@camera.rembourse.
2017-05-04 14:04 => function : emailEdition || User 14 just updated his email to Niels@camera.rembourse.
2017-05-04 14:05 => function : emailEdition || User 14 just updated his email to Niels@camera.rembourse.
2017-05-04 14:07 => function : emailEdition || User 14 just updated his email to Niels@camera.rembourse.
2017-05-04 14:07 => function : emailEdition || User 14 just updated his email to Niels@camera.rembourse.
2017-05-04 14:17 => function : lastnameEdition || User 8 just updated his lastname to toto.
2017-05-04 14:17 => function : lastnameEdition || User 8 just updated his lastname to toto.
2017-05-04 14:18 => function : lastnameEdition || User 8 just updated his lastname to totoo.
2017-05-04 14:19 => function : lastnameEdition || User 8 just updated his lastname to ferzdsx.
2017-05-04 15:07 => function : emailEdition || User 14 just updated his email to Niels@camera.rembourse.
2017-05-04 15:08 => function : lastnameEdition || User 14 just updated his lastname to ffefe.
2017-05-04 15:08 => function : lastnameEdition || User 14 just updated his lastname to Niels.
2017-05-04 15:13 => function : lastnameEdition || User 14 just updated his lastname to fdaz.
2017-05-04 15:15 => function : lastnameEdition || User 14 just updated his lastname to fzzadza.
2017-05-04 15:18 => function : firstnameEdition || User 14 just updated his name to dazdaz''.
2017-05-04 15:20 => function : firstnameEdition || User 14 just updated his name to fzefz""".
2017-05-04 15:20 => function : firstnameEdition || User 14 just updated his name to fzefe"éez""".
2017-05-04 15:23 => function : firstnameEdition || User 14 just updated his name to fzefe"éez""".
2017-05-04 15:24 => function : lastnameEdition || User 4 just updated his lastname to dzadza.
2017-05-04 15:24 => function : firstnameEdition || User 4 just updated his name to dzadaz.
2017-05-04 15:40 => function : emailEdition || User 4 just updated his phone to 06zdaaz.
2017-05-04 15:41 => function : emailEdition || User 4 just updated his phone to 06zdaaz.
2017-05-04 15:41 => function : emailEdition || User 4 just updated his phone to dzadzada.
2017-05-04 15:46 => function : emailEdition || User 4 just updated his email to damien.n78610@gmail.coml.
2017-05-04 15:47 => function : emailEdition || User 4 just updated his email to damien.n78610@gmail.com.
2017-05-04 15:50 => function : emailEdition || User 4 just updated his phone to 0698429323.
2017-05-04 15:55 => function : emailEdition || User 4 just updated his phone to 0698429323.
2017-05-04 16:04 => function : phoneEdition || User 4 just updated his phone to 0698429323.
2017-05-04 16:17 => function : emailEdition || User 4 just updated his email to dazd@dazd.dazd.
2017-05-04 16:17 => function : emailEdition || User 4 just updated his email to antho.spault@gmail.com.
2017-05-04 16:17 => function : emailEdition || User 4 just updated his email to damien.n78610@gmail.com.
2017-05-04 16:18 => function : emailEdition || User 4 just updated his email to antho.spault@gmail.com.
2017-05-04 16:19 => function : emailEdition || User 4 just updated his email to antho.spault@gmail.com.
2017-05-04 16:19 => function : emailEdition || User 4 just updated his email to antho.spault@gmail.com.
2017-05-04 16:19 => function : emailEdition || User 4 just updated his email to damien.n78610@gmail.com.
2017-05-04 16:20 => function : emailEdition || User 4 just updated his email to antho.spault@gmail.com.
2017-05-04 16:21 => function : emailEdition || User 4 just updated his email to antho.spault@gmail.com.
2017-05-04 16:21 => function : emailEdition || User 4 just updated his email to damien.n78610@gmail.com.
2017-05-04 16:21 => function : emailEdition || User 4 just updated his email to antho.spault@gmail.com.
2017-05-04 16:22 => function : emailEdition || User 4 just updated his email to antho.spault@gmail.com.
2017-05-04 16:22 => function : emailEdition || User 4 just updated his email to antho.spault@gmail.com.
2017-05-04 16:22 => function : emailEdition || User 4 just updated his email to damien.n78610@gmail.com.
2017-05-05 09:29 => function : userInsertAdress || User  enter the adress : maison
2017-05-05 09:31 => function : userInsertAdress || User  enter the adress : maison
2017-05-05 09:38 => function : userInsertAdress || User 4 enter the adress : Maison
2017-05-05 09:38 => function : userInsertAdress || User 4 enter the adress : Maison
2017-05-05 09:39 => function : userInsertAdress || User 4 enter the adress : Maison
2017-05-05 09:42 => function : userInsertAdress || User 4 enter the adress : Cabane
2017-05-05 09:43 => function : userInsertAdress || User 4 enter the adress : didier
